Started GET "/" for 127.0.0.1 at 2022-03-28 11:24:29 +0200
  
ActiveRecord::NoDatabaseError (connection to server on socket "/var/run/postgresql/.s.PGSQL.5432" failed: FATAL:  database "db/tradey-development" does not exist
):
  
activerecord (6.1.5) lib/active_record/connection_adapters/postgresql_adapter.rb:81:in `rescue in new_client'
activerecord (6.1.5) lib/active_record/connection_adapters/postgresql_adapter.rb:77:in `new_client'
activerecord (6.1.5) lib/active_record/connection_adapters/postgresql_adapter.rb:37:in `postgresql_connection'
activerecord (6.1.5) lib/active_record/connection_adapters/abstract/connection_pool.rb:882:in `public_send'
activerecord (6.1.5) lib/active_record/connection_adapters/abstract/connection_pool.rb:882:in `new_connection'
activerecord (6.1.5) lib/active_record/connection_adapters/abstract/connection_pool.rb:926:in `checkout_new_connection'
activerecord (6.1.5) lib/active_record/connection_adapters/abstract/connection_pool.rb:905:in `try_to_checkout_new_connection'
activerecord (6.1.5) lib/active_record/connection_adapters/abstract/connection_pool.rb:866:in `acquire_connection'
activerecord (6.1.5) lib/active_record/connection_adapters/abstract/connection_pool.rb:588:in `checkout'
activerecord (6.1.5) lib/active_record/connection_adapters/abstract/connection_pool.rb:428:in `connection'
activerecord (6.1.5) lib/active_record/connection_adapters/abstract/connection_pool.rb:1128:in `retrieve_connection'
activerecord (6.1.5) lib/active_record/connection_handling.rb:327:in `retrieve_connection'
activerecord (6.1.5) lib/active_record/connection_handling.rb:283:in `connection'
activerecord (6.1.5) lib/active_record/migration.rb:611:in `connection'
activerecord (6.1.5) lib/active_record/migration.rb:606:in `build_watcher'
activerecord (6.1.5) lib/active_record/migration.rb:588:in `block in call'
activerecord (6.1.5) lib/active_record/migration.rb:587:in `synchronize'
activerecord (6.1.5) lib/active_record/migration.rb:587:in `call'
actionpack (6.1.5) lib/action_dispatch/middleware/callbacks.rb:27:in `block in call'
activesupport (6.1.5) lib/active_support/callbacks.rb:98:in `run_callbacks'
actionpack (6.1.5) lib/action_dispatch/middleware/callbacks.rb:26:in `call'
actionpack (6.1.5) lib/action_dispatch/middleware/executor.rb:14:in `call'
actionpack (6.1.5) lib/action_dispatch/middleware/actionable_exceptions.rb:18:in `call'
actionpack (6.1.5) lib/action_dispatch/middleware/debug_exceptions.rb:29:in `call'
web-console (4.2.0) lib/web_console/middleware.rb:132:in `call_app'
web-console (4.2.0) lib/web_console/middleware.rb:28:in `block in call'
web-console (4.2.0) lib/web_console/middleware.rb:17:in `catch'
web-console (4.2.0) lib/web_console/middleware.rb:17:in `call'
actionpack (6.1.5) lib/action_dispatch/middleware/show_exceptions.rb:33:in `call'
railties (6.1.5) lib/rails/rack/logger.rb:37:in `call_app'
railties (6.1.5) lib/rails/rack/logger.rb:26:in `block in call'
activesupport (6.1.5) lib/active_support/tagged_logging.rb:99:in `block in tagged'
activesupport (6.1.5) lib/active_support/tagged_logging.rb:37:in `tagged'
activesupport (6.1.5) lib/active_support/tagged_logging.rb:99:in `tagged'
railties (6.1.5) lib/rails/rack/logger.rb:26:in `call'
sprockets-rails (3.4.2) lib/sprockets/rails/quiet_assets.rb:13:in `call'
actionpack (6.1.5) lib/action_dispatch/middleware/remote_ip.rb:81:in `call'
actionpack (6.1.5) lib/action_dispatch/middleware/request_id.rb:26:in `call'
rack (2.2.3) lib/rack/method_override.rb:24:in `call'
rack (2.2.3) lib/rack/runtime.rb:22:in `call'
activesupport (6.1.5) lib/active_support/cache/strategy/local_cache_middleware.rb:29:in `call'
actionpack (6.1.5) lib/action_dispatch/middleware/executor.rb:14:in `call'
actionpack (6.1.5) lib/action_dispatch/middleware/static.rb:24:in `call'
rack (2.2.3) lib/rack/sendfile.rb:110:in `call'
actionpack (6.1.5) lib/action_dispatch/middleware/host_authorization.rb:148:in `call'
rack-mini-profiler (2.3.4) lib/mini_profiler/profiler.rb:393:in `call'
webpacker (5.4.3) lib/webpacker/dev_server_proxy.rb:25:in `perform_request'
rack-proxy (0.7.2) lib/rack/proxy.rb:67:in `call'
railties (6.1.5) lib/rails/engine.rb:539:in `call'
puma (5.6.2) lib/puma/configuration.rb:252:in `call'
puma (5.6.2) lib/puma/request.rb:77:in `block in handle_request'
puma (5.6.2) lib/puma/thread_pool.rb:340:in `with_force_shutdown'
puma (5.6.2) lib/puma/request.rb:76:in `handle_request'
puma (5.6.2) lib/puma/server.rb:441:in `process_client'
puma (5.6.2) lib/puma/thread_pool.rb:147:in `block in spawn_thread'
Started GET "/" for 127.0.0.1 at 2022-03-28 11:26:36 +0200
  
ActiveRecord::NoDatabaseError (connection to server on socket "/var/run/postgresql/.s.PGSQL.5432" failed: FATAL:  database "db/tradey-development" does not exist
):
  
activerecord (6.1.5) lib/active_record/connection_adapters/postgresql_adapter.rb:81:in `rescue in new_client'
activerecord (6.1.5) lib/active_record/connection_adapters/postgresql_adapter.rb:77:in `new_client'
activerecord (6.1.5) lib/active_record/connection_adapters/postgresql_adapter.rb:37:in `postgresql_connection'
activerecord (6.1.5) lib/active_record/connection_adapters/abstract/connection_pool.rb:882:in `public_send'
activerecord (6.1.5) lib/active_record/connection_adapters/abstract/connection_pool.rb:882:in `new_connection'
activerecord (6.1.5) lib/active_record/connection_adapters/abstract/connection_pool.rb:926:in `checkout_new_connection'
activerecord (6.1.5) lib/active_record/connection_adapters/abstract/connection_pool.rb:905:in `try_to_checkout_new_connection'
activerecord (6.1.5) lib/active_record/connection_adapters/abstract/connection_pool.rb:866:in `acquire_connection'
activerecord (6.1.5) lib/active_record/connection_adapters/abstract/connection_pool.rb:588:in `checkout'
activerecord (6.1.5) lib/active_record/connection_adapters/abstract/connection_pool.rb:428:in `connection'
activerecord (6.1.5) lib/active_record/connection_adapters/abstract/connection_pool.rb:1128:in `retrieve_connection'
activerecord (6.1.5) lib/active_record/connection_handling.rb:327:in `retrieve_connection'
activerecord (6.1.5) lib/active_record/connection_handling.rb:283:in `connection'
activerecord (6.1.5) lib/active_record/migration.rb:611:in `connection'
activerecord (6.1.5) lib/active_record/migration.rb:606:in `build_watcher'
activerecord (6.1.5) lib/active_record/migration.rb:588:in `block in call'
activerecord (6.1.5) lib/active_record/migration.rb:587:in `synchronize'
activerecord (6.1.5) lib/active_record/migration.rb:587:in `call'
actionpack (6.1.5) lib/action_dispatch/middleware/callbacks.rb:27:in `block in call'
activesupport (6.1.5) lib/active_support/callbacks.rb:98:in `run_callbacks'
actionpack (6.1.5) lib/action_dispatch/middleware/callbacks.rb:26:in `call'
actionpack (6.1.5) lib/action_dispatch/middleware/executor.rb:14:in `call'
actionpack (6.1.5) lib/action_dispatch/middleware/actionable_exceptions.rb:18:in `call'
actionpack (6.1.5) lib/action_dispatch/middleware/debug_exceptions.rb:29:in `call'
web-console (4.2.0) lib/web_console/middleware.rb:132:in `call_app'
web-console (4.2.0) lib/web_console/middleware.rb:28:in `block in call'
web-console (4.2.0) lib/web_console/middleware.rb:17:in `catch'
web-console (4.2.0) lib/web_console/middleware.rb:17:in `call'
actionpack (6.1.5) lib/action_dispatch/middleware/show_exceptions.rb:33:in `call'
railties (6.1.5) lib/rails/rack/logger.rb:37:in `call_app'
railties (6.1.5) lib/rails/rack/logger.rb:26:in `block in call'
activesupport (6.1.5) lib/active_support/tagged_logging.rb:99:in `block in tagged'
activesupport (6.1.5) lib/active_support/tagged_logging.rb:37:in `tagged'
activesupport (6.1.5) lib/active_support/tagged_logging.rb:99:in `tagged'
railties (6.1.5) lib/rails/rack/logger.rb:26:in `call'
sprockets-rails (3.4.2) lib/sprockets/rails/quiet_assets.rb:13:in `call'
actionpack (6.1.5) lib/action_dispatch/middleware/remote_ip.rb:81:in `call'
actionpack (6.1.5) lib/action_dispatch/middleware/request_id.rb:26:in `call'
rack (2.2.3) lib/rack/method_override.rb:24:in `call'
rack (2.2.3) lib/rack/runtime.rb:22:in `call'
activesupport (6.1.5) lib/active_support/cache/strategy/local_cache_middleware.rb:29:in `call'
actionpack (6.1.5) lib/action_dispatch/middleware/executor.rb:14:in `call'
actionpack (6.1.5) lib/action_dispatch/middleware/static.rb:24:in `call'
rack (2.2.3) lib/rack/sendfile.rb:110:in `call'
actionpack (6.1.5) lib/action_dispatch/middleware/host_authorization.rb:148:in `call'
rack-mini-profiler (2.3.4) lib/mini_profiler/profiler.rb:393:in `call'
webpacker (5.4.3) lib/webpacker/dev_server_proxy.rb:25:in `perform_request'
rack-proxy (0.7.2) lib/rack/proxy.rb:67:in `call'
railties (6.1.5) lib/rails/engine.rb:539:in `call'
puma (5.6.2) lib/puma/configuration.rb:252:in `call'
puma (5.6.2) lib/puma/request.rb:77:in `block in handle_request'
puma (5.6.2) lib/puma/thread_pool.rb:340:in `with_force_shutdown'
puma (5.6.2) lib/puma/request.rb:76:in `handle_request'
puma (5.6.2) lib/puma/server.rb:441:in `process_client'
puma (5.6.2) lib/puma/thread_pool.rb:147:in `block in spawn_thread'
Started GET "/" for 127.0.0.1 at 2022-03-28 11:26:37 +0200
  
ActiveRecord::NoDatabaseError (connection to server on socket "/var/run/postgresql/.s.PGSQL.5432" failed: FATAL:  database "db/tradey-development" does not exist
):
  
activerecord (6.1.5) lib/active_record/connection_adapters/postgresql_adapter.rb:81:in `rescue in new_client'
activerecord (6.1.5) lib/active_record/connection_adapters/postgresql_adapter.rb:77:in `new_client'
activerecord (6.1.5) lib/active_record/connection_adapters/postgresql_adapter.rb:37:in `postgresql_connection'
activerecord (6.1.5) lib/active_record/connection_adapters/abstract/connection_pool.rb:882:in `public_send'
activerecord (6.1.5) lib/active_record/connection_adapters/abstract/connection_pool.rb:882:in `new_connection'
activerecord (6.1.5) lib/active_record/connection_adapters/abstract/connection_pool.rb:926:in `checkout_new_connection'
activerecord (6.1.5) lib/active_record/connection_adapters/abstract/connection_pool.rb:905:in `try_to_checkout_new_connection'
activerecord (6.1.5) lib/active_record/connection_adapters/abstract/connection_pool.rb:866:in `acquire_connection'
activerecord (6.1.5) lib/active_record/connection_adapters/abstract/connection_pool.rb:588:in `checkout'
activerecord (6.1.5) lib/active_record/connection_adapters/abstract/connection_pool.rb:428:in `connection'
activerecord (6.1.5) lib/active_record/connection_adapters/abstract/connection_pool.rb:1128:in `retrieve_connection'
activerecord (6.1.5) lib/active_record/connection_handling.rb:327:in `retrieve_connection'
activerecord (6.1.5) lib/active_record/connection_handling.rb:283:in `connection'
activerecord (6.1.5) lib/active_record/migration.rb:611:in `connection'
activerecord (6.1.5) lib/active_record/migration.rb:606:in `build_watcher'
activerecord (6.1.5) lib/active_record/migration.rb:588:in `block in call'
activerecord (6.1.5) lib/active_record/migration.rb:587:in `synchronize'
activerecord (6.1.5) lib/active_record/migration.rb:587:in `call'
actionpack (6.1.5) lib/action_dispatch/middleware/callbacks.rb:27:in `block in call'
activesupport (6.1.5) lib/active_support/callbacks.rb:98:in `run_callbacks'
actionpack (6.1.5) lib/action_dispatch/middleware/callbacks.rb:26:in `call'
actionpack (6.1.5) lib/action_dispatch/middleware/executor.rb:14:in `call'
actionpack (6.1.5) lib/action_dispatch/middleware/actionable_exceptions.rb:18:in `call'
actionpack (6.1.5) lib/action_dispatch/middleware/debug_exceptions.rb:29:in `call'
web-console (4.2.0) lib/web_console/middleware.rb:132:in `call_app'
web-console (4.2.0) lib/web_console/middleware.rb:28:in `block in call'
web-console (4.2.0) lib/web_console/middleware.rb:17:in `catch'
web-console (4.2.0) lib/web_console/middleware.rb:17:in `call'
actionpack (6.1.5) lib/action_dispatch/middleware/show_exceptions.rb:33:in `call'
railties (6.1.5) lib/rails/rack/logger.rb:37:in `call_app'
railties (6.1.5) lib/rails/rack/logger.rb:26:in `block in call'
activesupport (6.1.5) lib/active_support/tagged_logging.rb:99:in `block in tagged'
activesupport (6.1.5) lib/active_support/tagged_logging.rb:37:in `tagged'
activesupport (6.1.5) lib/active_support/tagged_logging.rb:99:in `tagged'
railties (6.1.5) lib/rails/rack/logger.rb:26:in `call'
sprockets-rails (3.4.2) lib/sprockets/rails/quiet_assets.rb:13:in `call'
actionpack (6.1.5) lib/action_dispatch/middleware/remote_ip.rb:81:in `call'
actionpack (6.1.5) lib/action_dispatch/middleware/request_id.rb:26:in `call'
rack (2.2.3) lib/rack/method_override.rb:24:in `call'
rack (2.2.3) lib/rack/runtime.rb:22:in `call'
activesupport (6.1.5) lib/active_support/cache/strategy/local_cache_middleware.rb:29:in `call'
actionpack (6.1.5) lib/action_dispatch/middleware/executor.rb:14:in `call'
actionpack (6.1.5) lib/action_dispatch/middleware/static.rb:24:in `call'
rack (2.2.3) lib/rack/sendfile.rb:110:in `call'
actionpack (6.1.5) lib/action_dispatch/middleware/host_authorization.rb:148:in `call'
rack-mini-profiler (2.3.4) lib/mini_profiler/profiler.rb:393:in `call'
webpacker (5.4.3) lib/webpacker/dev_server_proxy.rb:25:in `perform_request'
rack-proxy (0.7.2) lib/rack/proxy.rb:67:in `call'
railties (6.1.5) lib/rails/engine.rb:539:in `call'
puma (5.6.2) lib/puma/configuration.rb:252:in `call'
puma (5.6.2) lib/puma/request.rb:77:in `block in handle_request'
puma (5.6.2) lib/puma/thread_pool.rb:340:in `with_force_shutdown'
puma (5.6.2) lib/puma/request.rb:76:in `handle_request'
puma (5.6.2) lib/puma/server.rb:441:in `process_client'
puma (5.6.2) lib/puma/thread_pool.rb:147:in `block in spawn_thread'
Started GET "/" for 127.0.0.1 at 2022-03-28 11:29:10 +0200
  
ActiveRecord::NoDatabaseError (connection to server on socket "/var/run/postgresql/.s.PGSQL.5432" failed: FATAL:  database "db/tradey-development" does not exist
):
  
activerecord (6.1.5) lib/active_record/connection_adapters/postgresql_adapter.rb:81:in `rescue in new_client'
activerecord (6.1.5) lib/active_record/connection_adapters/postgresql_adapter.rb:77:in `new_client'
activerecord (6.1.5) lib/active_record/connection_adapters/postgresql_adapter.rb:37:in `postgresql_connection'
activerecord (6.1.5) lib/active_record/connection_adapters/abstract/connection_pool.rb:882:in `public_send'
activerecord (6.1.5) lib/active_record/connection_adapters/abstract/connection_pool.rb:882:in `new_connection'
activerecord (6.1.5) lib/active_record/connection_adapters/abstract/connection_pool.rb:926:in `checkout_new_connection'
activerecord (6.1.5) lib/active_record/connection_adapters/abstract/connection_pool.rb:905:in `try_to_checkout_new_connection'
activerecord (6.1.5) lib/active_record/connection_adapters/abstract/connection_pool.rb:866:in `acquire_connection'
activerecord (6.1.5) lib/active_record/connection_adapters/abstract/connection_pool.rb:588:in `checkout'
activerecord (6.1.5) lib/active_record/connection_adapters/abstract/connection_pool.rb:428:in `connection'
activerecord (6.1.5) lib/active_record/connection_adapters/abstract/connection_pool.rb:1128:in `retrieve_connection'
activerecord (6.1.5) lib/active_record/connection_handling.rb:327:in `retrieve_connection'
activerecord (6.1.5) lib/active_record/connection_handling.rb:283:in `connection'
activerecord (6.1.5) lib/active_record/migration.rb:611:in `connection'
activerecord (6.1.5) lib/active_record/migration.rb:606:in `build_watcher'
activerecord (6.1.5) lib/active_record/migration.rb:588:in `block in call'
activerecord (6.1.5) lib/active_record/migration.rb:587:in `synchronize'
activerecord (6.1.5) lib/active_record/migration.rb:587:in `call'
actionpack (6.1.5) lib/action_dispatch/middleware/callbacks.rb:27:in `block in call'
activesupport (6.1.5) lib/active_support/callbacks.rb:98:in `run_callbacks'
actionpack (6.1.5) lib/action_dispatch/middleware/callbacks.rb:26:in `call'
actionpack (6.1.5) lib/action_dispatch/middleware/executor.rb:14:in `call'
actionpack (6.1.5) lib/action_dispatch/middleware/actionable_exceptions.rb:18:in `call'
actionpack (6.1.5) lib/action_dispatch/middleware/debug_exceptions.rb:29:in `call'
web-console (4.2.0) lib/web_console/middleware.rb:132:in `call_app'
web-console (4.2.0) lib/web_console/middleware.rb:28:in `block in call'
web-console (4.2.0) lib/web_console/middleware.rb:17:in `catch'
web-console (4.2.0) lib/web_console/middleware.rb:17:in `call'
actionpack (6.1.5) lib/action_dispatch/middleware/show_exceptions.rb:33:in `call'
railties (6.1.5) lib/rails/rack/logger.rb:37:in `call_app'
railties (6.1.5) lib/rails/rack/logger.rb:26:in `block in call'
activesupport (6.1.5) lib/active_support/tagged_logging.rb:99:in `block in tagged'
activesupport (6.1.5) lib/active_support/tagged_logging.rb:37:in `tagged'
activesupport (6.1.5) lib/active_support/tagged_logging.rb:99:in `tagged'
railties (6.1.5) lib/rails/rack/logger.rb:26:in `call'
sprockets-rails (3.4.2) lib/sprockets/rails/quiet_assets.rb:13:in `call'
actionpack (6.1.5) lib/action_dispatch/middleware/remote_ip.rb:81:in `call'
actionpack (6.1.5) lib/action_dispatch/middleware/request_id.rb:26:in `call'
rack (2.2.3) lib/rack/method_override.rb:24:in `call'
rack (2.2.3) lib/rack/runtime.rb:22:in `call'
activesupport (6.1.5) lib/active_support/cache/strategy/local_cache_middleware.rb:29:in `call'
actionpack (6.1.5) lib/action_dispatch/middleware/executor.rb:14:in `call'
actionpack (6.1.5) lib/action_dispatch/middleware/static.rb:24:in `call'
rack (2.2.3) lib/rack/sendfile.rb:110:in `call'
actionpack (6.1.5) lib/action_dispatch/middleware/host_authorization.rb:148:in `call'
rack-mini-profiler (2.3.4) lib/mini_profiler/profiler.rb:393:in `call'
webpacker (5.4.3) lib/webpacker/dev_server_proxy.rb:25:in `perform_request'
rack-proxy (0.7.2) lib/rack/proxy.rb:67:in `call'
railties (6.1.5) lib/rails/engine.rb:539:in `call'
puma (5.6.2) lib/puma/configuration.rb:252:in `call'
puma (5.6.2) lib/puma/request.rb:77:in `block in handle_request'
puma (5.6.2) lib/puma/thread_pool.rb:340:in `with_force_shutdown'
puma (5.6.2) lib/puma/request.rb:76:in `handle_request'
puma (5.6.2) lib/puma/server.rb:441:in `process_client'
puma (5.6.2) lib/puma/thread_pool.rb:147:in `block in spawn_thread'
  [1m[35m (101.9ms)[0m  [1m[35mCREATE DATABASE "db/tradey-development" ENCODING = 'utf8'[0m
  [1m[35m (59.1ms)[0m  [1m[35mCREATE DATABASE "db/tradey-test" ENCODING = 'utf8'[0m
  [1m[35m (6.7ms)[0m  [1m[35mCREATE TABLE "schema_migrations" ("version" character varying NOT NULL PRIMARY KEY)[0m
  [1m[35m (4.1ms)[0m  [1m[35mCREATE TABLE "ar_internal_metadata" ("key" character varying NOT NULL PRIMARY KEY, "value" character varying, "created_at" timestamp(6) NOT NULL, "updated_at" timestamp(6) NOT NULL)[0m
  [1m[35m (0.2ms)[0m  [1m[34mSELECT pg_try_advisory_lock(4615167678790744110)[0m
  [1m[35m (0.7ms)[0m  [1m[34mSELECT "schema_migrations"."version" FROM "schema_migrations" ORDER BY "schema_migrations"."version" ASC[0m
  [1m[36mActiveRecord::InternalMetadata Load (0.4ms)[0m  [1m[34mSELECT "ar_internal_metadata".* FROM "ar_internal_metadata" WHERE "ar_internal_metadata"."key" = $1 LIMIT $2[0m  [["key", "environment"], ["LIMIT", 1]]
  [1m[36mTRANSACTION (0.2ms)[0m  [1m[35mBEGIN[0m
  [1m[36mActiveRecord::InternalMetadata Create (0.6ms)[0m  [1m[32mINSERT INTO "ar_internal_metadata" ("key", "value", "created_at", "updated_at") VALUES ($1, $2, $3, $4) RETURNING "key"[0m  [["key", "environment"], ["value", "development"], ["created_at", "2022-03-28 09:37:29.317234"], ["updated_at", "2022-03-28 09:37:29.317234"]]
  [1m[36mTRANSACTION (0.5ms)[0m  [1m[35mCOMMIT[0m
  [1m[35m (0.2ms)[0m  [1m[34mSELECT pg_advisory_unlock(4615167678790744110)[0m
  [1m[35m (0.6ms)[0m  [1m[34mSELECT "schema_migrations"."version" FROM "schema_migrations" ORDER BY "schema_migrations"."version" ASC[0m
Started GET "/" for 127.0.0.1 at 2022-03-28 11:37:37 +0200
  [1m[35m (1.1ms)[0m  [1m[34mSELECT "schema_migrations"."version" FROM "schema_migrations" ORDER BY "schema_migrations"."version" ASC[0m
  
ActionController::RoutingError (uninitialized constant PublicController):
  
Started GET "/" for 127.0.0.1 at 2022-03-28 11:37:52 +0200
  
ActionController::RoutingError (uninitialized constant RootController):
  
Started GET "/" for 127.0.0.1 at 2022-03-28 11:37:53 +0200
  
ActionController::RoutingError (uninitialized constant RootController):
  
Started GET "/" for 127.0.0.1 at 2022-03-28 11:37:53 +0200
  
ActionController::RoutingError (uninitialized constant RootController):
  
Started GET "/" for 127.0.0.1 at 2022-03-28 11:38:16 +0200
  
ArgumentError (Missing :controller key on routes definition, please check your routes.):
  
config/routes.rb:4:in `block in <main>'
config/routes.rb:1:in `<main>'
Started GET "/" for 127.0.0.1 at 2022-03-28 11:38:17 +0200
  
ActionController::RoutingError (No route matches [GET] "/"):
  
Started GET "/" for 127.0.0.1 at 2022-03-28 11:38:18 +0200
  
ActionController::RoutingError (No route matches [GET] "/"):
  
Started GET "/" for 127.0.0.1 at 2022-03-28 11:38:19 +0200
  
ActionController::RoutingError (No route matches [GET] "/"):
  
Started GET "/" for 127.0.0.1 at 2022-03-28 11:49:13 +0200
  
ActionController::RoutingError (No route matches [GET] "/"):
  
Started GET "/" for 127.0.0.1 at 2022-03-28 12:56:39 +0200
  
ActiveRecord::NoDatabaseError (connection to server on socket "/var/run/postgresql/.s.PGSQL.5432" failed: FATAL:  database "db/tradey-development" does not exist
):
  
activerecord (6.1.5) lib/active_record/connection_adapters/postgresql_adapter.rb:81:in `rescue in new_client'
activerecord (6.1.5) lib/active_record/connection_adapters/postgresql_adapter.rb:77:in `new_client'
activerecord (6.1.5) lib/active_record/connection_adapters/postgresql_adapter.rb:37:in `postgresql_connection'
activerecord (6.1.5) lib/active_record/connection_adapters/abstract/connection_pool.rb:882:in `public_send'
activerecord (6.1.5) lib/active_record/connection_adapters/abstract/connection_pool.rb:882:in `new_connection'
activerecord (6.1.5) lib/active_record/connection_adapters/abstract/connection_pool.rb:926:in `checkout_new_connection'
activerecord (6.1.5) lib/active_record/connection_adapters/abstract/connection_pool.rb:905:in `try_to_checkout_new_connection'
activerecord (6.1.5) lib/active_record/connection_adapters/abstract/connection_pool.rb:866:in `acquire_connection'
activerecord (6.1.5) lib/active_record/connection_adapters/abstract/connection_pool.rb:588:in `checkout'
activerecord (6.1.5) lib/active_record/connection_adapters/abstract/connection_pool.rb:428:in `connection'
activerecord (6.1.5) lib/active_record/connection_adapters/abstract/connection_pool.rb:1128:in `retrieve_connection'
activerecord (6.1.5) lib/active_record/connection_handling.rb:327:in `retrieve_connection'
activerecord (6.1.5) lib/active_record/connection_handling.rb:283:in `connection'
activerecord (6.1.5) lib/active_record/migration.rb:611:in `connection'
activerecord (6.1.5) lib/active_record/migration.rb:606:in `build_watcher'
activerecord (6.1.5) lib/active_record/migration.rb:588:in `block in call'
activerecord (6.1.5) lib/active_record/migration.rb:587:in `synchronize'
activerecord (6.1.5) lib/active_record/migration.rb:587:in `call'
actionpack (6.1.5) lib/action_dispatch/middleware/callbacks.rb:27:in `block in call'
activesupport (6.1.5) lib/active_support/callbacks.rb:98:in `run_callbacks'
actionpack (6.1.5) lib/action_dispatch/middleware/callbacks.rb:26:in `call'
actionpack (6.1.5) lib/action_dispatch/middleware/executor.rb:14:in `call'
actionpack (6.1.5) lib/action_dispatch/middleware/actionable_exceptions.rb:18:in `call'
actionpack (6.1.5) lib/action_dispatch/middleware/debug_exceptions.rb:29:in `call'
web-console (4.2.0) lib/web_console/middleware.rb:132:in `call_app'
web-console (4.2.0) lib/web_console/middleware.rb:28:in `block in call'
web-console (4.2.0) lib/web_console/middleware.rb:17:in `catch'
web-console (4.2.0) lib/web_console/middleware.rb:17:in `call'
actionpack (6.1.5) lib/action_dispatch/middleware/show_exceptions.rb:33:in `call'
railties (6.1.5) lib/rails/rack/logger.rb:37:in `call_app'
railties (6.1.5) lib/rails/rack/logger.rb:26:in `block in call'
activesupport (6.1.5) lib/active_support/tagged_logging.rb:99:in `block in tagged'
activesupport (6.1.5) lib/active_support/tagged_logging.rb:37:in `tagged'
activesupport (6.1.5) lib/active_support/tagged_logging.rb:99:in `tagged'
railties (6.1.5) lib/rails/rack/logger.rb:26:in `call'
sprockets-rails (3.4.2) lib/sprockets/rails/quiet_assets.rb:13:in `call'
actionpack (6.1.5) lib/action_dispatch/middleware/remote_ip.rb:81:in `call'
actionpack (6.1.5) lib/action_dispatch/middleware/request_id.rb:26:in `call'
rack (2.2.3) lib/rack/method_override.rb:24:in `call'
rack (2.2.3) lib/rack/runtime.rb:22:in `call'
activesupport (6.1.5) lib/active_support/cache/strategy/local_cache_middleware.rb:29:in `call'
actionpack (6.1.5) lib/action_dispatch/middleware/executor.rb:14:in `call'
actionpack (6.1.5) lib/action_dispatch/middleware/static.rb:24:in `call'
rack (2.2.3) lib/rack/sendfile.rb:110:in `call'
actionpack (6.1.5) lib/action_dispatch/middleware/host_authorization.rb:148:in `call'
rack-mini-profiler (2.3.4) lib/mini_profiler/profiler.rb:393:in `call'
webpacker (5.4.3) lib/webpacker/dev_server_proxy.rb:25:in `perform_request'
rack-proxy (0.7.2) lib/rack/proxy.rb:67:in `call'
railties (6.1.5) lib/rails/engine.rb:539:in `call'
puma (5.6.2) lib/puma/configuration.rb:252:in `call'
puma (5.6.2) lib/puma/request.rb:77:in `block in handle_request'
puma (5.6.2) lib/puma/thread_pool.rb:340:in `with_force_shutdown'
puma (5.6.2) lib/puma/request.rb:76:in `handle_request'
puma (5.6.2) lib/puma/server.rb:441:in `process_client'
puma (5.6.2) lib/puma/thread_pool.rb:147:in `block in spawn_thread'
  [1m[35m (89.5ms)[0m  [1m[35mCREATE DATABASE "db/tradey-development" ENCODING = 'utf8'[0m
  [1m[35m (63.5ms)[0m  [1m[35mCREATE DATABASE "db/tradey-test" ENCODING = 'utf8'[0m
  [1m[35m (7.7ms)[0m  [1m[35mCREATE TABLE "schema_migrations" ("version" character varying NOT NULL PRIMARY KEY)[0m
  [1m[35m (4.1ms)[0m  [1m[35mCREATE TABLE "ar_internal_metadata" ("key" character varying NOT NULL PRIMARY KEY, "value" character varying, "created_at" timestamp(6) NOT NULL, "updated_at" timestamp(6) NOT NULL)[0m
  [1m[35m (0.2ms)[0m  [1m[34mSELECT pg_try_advisory_lock(4615167678790744110)[0m
  [1m[35m (0.6ms)[0m  [1m[34mSELECT "schema_migrations"."version" FROM "schema_migrations" ORDER BY "schema_migrations"."version" ASC[0m
Migrating to CreateCards (20220328105607)
  [1m[36mTRANSACTION (0.2ms)[0m  [1m[35mBEGIN[0m
  [1m[35m (3.5ms)[0m  [1m[35mCREATE TABLE "cards" ("id" bigserial primary key, "created_at" timestamp(6) NOT NULL, "updated_at" timestamp(6) NOT NULL)[0m
  [1m[36mActiveRecord::SchemaMigration Create (0.6ms)[0m  [1m[32mINSERT INTO "schema_migrations" ("version") VALUES ($1) RETURNING "version"[0m  [["version", "20220328105607"]]
  [1m[36mTRANSACTION (0.7ms)[0m  [1m[35mCOMMIT[0m
  [1m[36mActiveRecord::InternalMetadata Load (0.3ms)[0m  [1m[34mSELECT "ar_internal_metadata".* FROM "ar_internal_metadata" WHERE "ar_internal_metadata"."key" = $1 LIMIT $2[0m  [["key", "environment"], ["LIMIT", 1]]
  [1m[36mTRANSACTION (0.1ms)[0m  [1m[35mBEGIN[0m
  [1m[36mActiveRecord::InternalMetadata Create (0.6ms)[0m  [1m[32mINSERT INTO "ar_internal_metadata" ("key", "value", "created_at", "updated_at") VALUES ($1, $2, $3, $4) RETURNING "key"[0m  [["key", "environment"], ["value", "development"], ["created_at", "2022-03-28 10:57:16.798241"], ["updated_at", "2022-03-28 10:57:16.798241"]]
  [1m[36mTRANSACTION (0.6ms)[0m  [1m[35mCOMMIT[0m
  [1m[35m (0.3ms)[0m  [1m[34mSELECT pg_advisory_unlock(4615167678790744110)[0m
  [1m[35m (1.0ms)[0m  [1m[34mSELECT "schema_migrations"."version" FROM "schema_migrations" ORDER BY "schema_migrations"."version" ASC[0m
Started GET "/" for 127.0.0.1 at 2022-03-28 12:58:10 +0200
  [1m[35m (1.5ms)[0m  [1m[34mSELECT "schema_migrations"."version" FROM "schema_migrations" ORDER BY "schema_migrations"."version" ASC[0m
Processing by CardsController#index as HTML
  Rendering layout layouts/application.html.erb
  Rendering cards/index.html.erb within layouts/application
  [1m[36mCard Load (1.6ms)[0m  [1m[34mSELECT "cards".* FROM "cards"[0m
  ↳ app/views/cards/index.html.erb:13
  Rendered cards/index.html.erb within layouts/application (Duration: 17.7ms | Allocations: 5897)
  Rendered layout layouts/application.html.erb (Duration: 18.0ms | Allocations: 5991)
Completed 500 Internal Server Error in 38ms (ActiveRecord: 1.6ms | Allocations: 10568)


  
ActionView::Template::Error (undefined local variable or method `new_card_path' for #<ActionView::Base:0x00000000007f30>):
    22: 
    23: <br>
    24: 
    25: <%= link_to 'New Card', new_card_path %>
  
app/views/cards/index.html.erb:25
Started GET "/" for 127.0.0.1 at 2022-03-28 13:03:13 +0200
Processing by CardsController#index as HTML
  Rendering layout layouts/application.html.erb
  Rendering cards/index.html.erb within layouts/application
  [1m[36mCard Load (1.1ms)[0m  [1m[34mSELECT "cards".* FROM "cards"[0m
  ↳ app/views/cards/index.html.erb:13
  Rendered cards/index.html.erb within layouts/application (Duration: 15.4ms | Allocations: 4987)
  Rendered layout layouts/application.html.erb (Duration: 15.6ms | Allocations: 5056)
Completed 500 Internal Server Error in 17ms (ActiveRecord: 1.1ms | Allocations: 5511)


  
ActionView::Template::Error (undefined local variable or method `new_card_path' for #<ActionView::Base:0x00000000008390>):
    22: 
    23: <br>
    24: 
    25: <%= link_to 'New Card', new_card_path %>
  
app/views/cards/index.html.erb:25
  [1m[35m (0.6ms)[0m  [1m[34mSELECT "schema_migrations"."version" FROM "schema_migrations" ORDER BY "schema_migrations"."version" ASC[0m
  [1m[35m (0.3ms)[0m  [1m[34mSELECT "ar_internal_metadata"."value" FROM "ar_internal_metadata" WHERE "ar_internal_metadata"."key" = $1[0m  [["key", "environment"]]
  [1m[35m (0.3ms)[0m  [1m[34mSELECT "schema_migrations"."version" FROM "schema_migrations" ORDER BY "schema_migrations"."version" ASC[0m
  [1m[35m (0.2ms)[0m  [1m[34mSELECT "ar_internal_metadata"."value" FROM "ar_internal_metadata" WHERE "ar_internal_metadata"."key" = $1[0m  [["key", "environment"]]
  [1m[35m (0.2ms)[0m  [1m[34mSELECT "schema_migrations"."version" FROM "schema_migrations" ORDER BY "schema_migrations"."version" ASC[0m
  [1m[35m (0.2ms)[0m  [1m[34mSELECT "ar_internal_metadata"."value" FROM "ar_internal_metadata" WHERE "ar_internal_metadata"."key" = $1[0m  [["key", "environment"]]
  [1m[35m (17.6ms)[0m  [1m[35mDROP DATABASE IF EXISTS "db/tradey-development"[0m
  [1m[35m (13.3ms)[0m  [1m[35mDROP DATABASE IF EXISTS "db/tradey-test"[0m
  [1m[35m (66.4ms)[0m  [1m[35mCREATE DATABASE "db/tradey-development" ENCODING = 'utf8'[0m
  [1m[35m (62.1ms)[0m  [1m[35mCREATE DATABASE "db/tradey-test" ENCODING = 'utf8'[0m
  [1m[35m (7.8ms)[0m  [1m[35mCREATE TABLE "schema_migrations" ("version" character varying NOT NULL PRIMARY KEY)[0m
  [1m[35m (4.0ms)[0m  [1m[35mCREATE TABLE "ar_internal_metadata" ("key" character varying NOT NULL PRIMARY KEY, "value" character varying, "created_at" timestamp(6) NOT NULL, "updated_at" timestamp(6) NOT NULL)[0m
  [1m[35m (0.2ms)[0m  [1m[34mSELECT pg_try_advisory_lock(4615167678790744110)[0m
  [1m[35m (0.6ms)[0m  [1m[34mSELECT "schema_migrations"."version" FROM "schema_migrations" ORDER BY "schema_migrations"."version" ASC[0m
Migrating to CreateCards (20220328110440)
  [1m[36mTRANSACTION (0.2ms)[0m  [1m[35mBEGIN[0m
  [1m[35m (4.1ms)[0m  [1m[35mCREATE TABLE "cards" ("id" bigserial primary key, "created_at" timestamp(6) NOT NULL, "updated_at" timestamp(6) NOT NULL)[0m
  [1m[36mActiveRecord::SchemaMigration Create (0.5ms)[0m  [1m[32mINSERT INTO "schema_migrations" ("version") VALUES ($1) RETURNING "version"[0m  [["version", "20220328110440"]]
  [1m[36mTRANSACTION (0.6ms)[0m  [1m[35mCOMMIT[0m
  [1m[36mActiveRecord::InternalMetadata Load (0.5ms)[0m  [1m[34mSELECT "ar_internal_metadata".* FROM "ar_internal_metadata" WHERE "ar_internal_metadata"."key" = $1 LIMIT $2[0m  [["key", "environment"], ["LIMIT", 1]]
  [1m[36mTRANSACTION (3.8ms)[0m  [1m[35mBEGIN[0m
  [1m[36mActiveRecord::InternalMetadata Create (0.7ms)[0m  [1m[32mINSERT INTO "ar_internal_metadata" ("key", "value", "created_at", "updated_at") VALUES ($1, $2, $3, $4) RETURNING "key"[0m  [["key", "environment"], ["value", "development"], ["created_at", "2022-03-28 11:04:44.806306"], ["updated_at", "2022-03-28 11:04:44.806306"]]
  [1m[36mTRANSACTION (0.6ms)[0m  [1m[35mCOMMIT[0m
  [1m[35m (0.4ms)[0m  [1m[34mSELECT pg_advisory_unlock(4615167678790744110)[0m
  [1m[35m (0.7ms)[0m  [1m[34mSELECT "schema_migrations"."version" FROM "schema_migrations" ORDER BY "schema_migrations"."version" ASC[0m
Started GET "/" for 127.0.0.1 at 2022-03-28 13:04:57 +0200
  [1m[35m (1.7ms)[0m  [1m[34mSELECT "schema_migrations"."version" FROM "schema_migrations" ORDER BY "schema_migrations"."version" ASC[0m
Processing by CardsController#index as HTML
  Rendering layout layouts/application.html.erb
  Rendering cards/index.html.erb within layouts/application
  [1m[36mCard Load (1.9ms)[0m  [1m[34mSELECT "cards".* FROM "cards"[0m
  ↳ app/views/cards/index.html.erb:13
  Rendered cards/index.html.erb within layouts/application (Duration: 7.5ms | Allocations: 1630)
[Webpacker] Compiling...
[Webpacker] Compilation failed:
Hash: 9966645e0322d7ba67f2
Version: webpack 4.46.0
Time: 3481ms
Built at: 03/28/2022 1:05:03 PM
                                     Asset       Size       Chunks                         Chunk Names
        js/0-8b58d90230f7bac67e07.chunk.js    310 KiB            0  [emitted] [immutable]  
    js/0-8b58d90230f7bac67e07.chunk.js.map    368 KiB            0  [emitted] [dev]        
    js/application-218e8bb6296491137b66.js    130 KiB  application  [emitted] [immutable]  application
js/application-218e8bb6296491137b66.js.map    144 KiB  application  [emitted] [dev]        application
                             manifest.json  364 bytes               [emitted]              
Entrypoint application = js/application-218e8bb6296491137b66.js js/application-218e8bb6296491137b66.js.map
[./app/javascript/channels sync recursive _channel\.js$] ./app/javascript/channels sync _channel\.js$ 160 bytes {application} [built]
[./app/javascript/channels/index.js] 211 bytes {application} [built]
[./app/javascript/packs/application.js] 530 bytes {application} [built]
[./node_modules/webpack/buildin/module.js] (webpack)/buildin/module.js 552 bytes {application} [built]
    + 4 hidden modules

ERROR in ./app/javascript/packs/application.js
Module not found: Error: Can't resolve 'bootstrap' in '/home/zan31/Documents/tradey-main/app/javascript/packs'
 @ ./app/javascript/packs/application.js 10:0-19

  Rendered layout layouts/application.html.erb (Duration: 5602.9ms | Allocations: 19271)
Completed 200 OK in 5616ms (Views: 5604.2ms | ActiveRecord: 1.9ms | Allocations: 23486)


Started GET "/" for 127.0.0.1 at 2022-03-28 13:05:23 +0200
Processing by CardsController#index as HTML
  Rendering layout layouts/application.html.erb
  Rendering cards/index.html.erb within layouts/application
  [1m[36mCard Load (1.3ms)[0m  [1m[34mSELECT "cards".* FROM "cards"[0m
  ↳ app/views/cards/index.html.erb:13
  Rendered cards/index.html.erb within layouts/application (Duration: 5.1ms | Allocations: 1054)
[Webpacker] Everything's up-to-date. Nothing to do
  Rendered layout layouts/application.html.erb (Duration: 12.2ms | Allocations: 4106)
Completed 200 OK in 14ms (Views: 11.8ms | ActiveRecord: 1.3ms | Allocations: 4623)


Started GET "/" for 127.0.0.1 at 2022-03-28 13:06:16 +0200
Processing by CardsController#index as HTML
  Rendering layout layouts/application.html.erb
  Rendering cards/index.html.erb within layouts/application
  [1m[36mCard Load (1.6ms)[0m  [1m[34mSELECT "cards".* FROM "cards"[0m
  ↳ app/views/cards/index.html.erb:13
  Rendered cards/index.html.erb within layouts/application (Duration: 6.5ms | Allocations: 1347)
[Webpacker] Everything's up-to-date. Nothing to do
  Rendered layout layouts/application.html.erb (Duration: 26.1ms | Allocations: 4639)
Completed 200 OK in 30ms (Views: 26.9ms | ActiveRecord: 1.6ms | Allocations: 6138)


Started GET "/" for 127.0.0.1 at 2022-03-28 13:10:41 +0200
  [1m[35m (2.3ms)[0m  [1m[34mSELECT "schema_migrations"."version" FROM "schema_migrations" ORDER BY "schema_migrations"."version" ASC[0m
Processing by CardsController#index as HTML
  Rendering layout layouts/application.html.erb
  Rendering cards/index.html.erb within layouts/application
  [1m[36mCard Load (1.8ms)[0m  [1m[34mSELECT "cards".* FROM "cards"[0m
  ↳ app/views/cards/index.html.erb:13
  Rendered cards/index.html.erb within layouts/application (Duration: 6.0ms | Allocations: 1643)
[Webpacker] Compiling...
[Webpacker] Compilation failed:
Hash: d4610c133bc1cd364411
Version: webpack 4.46.0
Time: 3498ms
Built at: 03/28/2022 1:10:47 PM
                                     Asset       Size       Chunks                         Chunk Names
        js/0-8b58d90230f7bac67e07.chunk.js    310 KiB            0  [emitted] [immutable]  
    js/0-8b58d90230f7bac67e07.chunk.js.map    368 KiB            0  [emitted] [dev]        
    js/application-26ca87d6c8d21e0d4a7d.js    300 KiB  application  [emitted] [immutable]  application
js/application-26ca87d6c8d21e0d4a7d.js.map    345 KiB  application  [emitted] [dev]        application
                             manifest.json  364 bytes               [emitted]              
Entrypoint application = js/application-26ca87d6c8d21e0d4a7d.js js/application-26ca87d6c8d21e0d4a7d.js.map
[./app/javascript/channels sync recursive _channel\.js$] ./app/javascript/channels sync _channel\.js$ 160 bytes {application} [built]
[./app/javascript/channels/index.js] 211 bytes {application} [built]
[./app/javascript/packs/application.js] 530 bytes {application} [built]
[./node_modules/webpack/buildin/module.js] (webpack)/buildin/module.js 552 bytes {application} [built]
    + 5 hidden modules

ERROR in ./node_modules/bootstrap/dist/js/bootstrap.esm.js
Module not found: Error: Can't resolve '@popperjs/core' in '/home/zan31/Documents/tradey-main/node_modules/bootstrap/dist/js'
 @ ./node_modules/bootstrap/dist/js/bootstrap.esm.js 60:0-41 2356:17-23 2375:21-40 4029:15-21 4164:23-42
 @ ./app/javascript/packs/application.js

  Rendered layout layouts/application.html.erb (Duration: 5425.6ms | Allocations: 8885)
Completed 200 OK in 5446ms (Views: 5429.1ms | ActiveRecord: 1.8ms | Allocations: 13176)


Started GET "/" for 127.0.0.1 at 2022-03-28 13:10:48 +0200
Processing by CardsController#index as HTML
  Rendering layout layouts/application.html.erb
  Rendering cards/index.html.erb within layouts/application
  [1m[36mCard Load (1.8ms)[0m  [1m[34mSELECT "cards".* FROM "cards"[0m
  ↳ app/views/cards/index.html.erb:13
  Rendered cards/index.html.erb within layouts/application (Duration: 7.1ms | Allocations: 1054)
[Webpacker] Everything's up-to-date. Nothing to do
  Rendered layout layouts/application.html.erb (Duration: 14.1ms | Allocations: 4083)
Completed 200 OK in 17ms (Views: 13.4ms | ActiveRecord: 1.8ms | Allocations: 4669)


Started GET "/" for 127.0.0.1 at 2022-03-28 13:14:28 +0200
  [1m[35m (2.5ms)[0m  [1m[34mSELECT "schema_migrations"."version" FROM "schema_migrations" ORDER BY "schema_migrations"."version" ASC[0m
Processing by CardsController#index as HTML
  Rendering layout layouts/application.html.erb
  Rendering cards/index.html.erb within layouts/application
  [1m[36mCard Load (1.8ms)[0m  [1m[34mSELECT "cards".* FROM "cards"[0m
  ↳ app/views/cards/index.html.erb:13
  Rendered cards/index.html.erb within layouts/application (Duration: 5.7ms | Allocations: 1643)
[Webpacker] Compiling...
[Webpacker] Compilation failed:
Hash: eadc2774912b28d75141
Version: webpack 4.46.0
Time: 12027ms
Built at: 03/28/2022 1:14:42 PM
                                     Asset       Size       Chunks                         Chunk Names
    js/application-eb8d018937bed4870ff7.js   1.03 MiB  application  [emitted] [immutable]  application
js/application-eb8d018937bed4870ff7.js.map    1.1 MiB  application  [emitted] [dev]        application
                             manifest.json  364 bytes               [emitted]              
Entrypoint application = js/application-eb8d018937bed4870ff7.js js/application-eb8d018937bed4870ff7.js.map
[./app/javascript/channels sync recursive _channel\.js$] ./app/javascript/channels sync _channel\.js$ 160 bytes {application} [built]
[./app/javascript/channels/index.js] 211 bytes {application} [built]
[./app/javascript/packs/application.js] 601 bytes {application} [built]
[./app/javascript/stylesheets/application.scss] 664 bytes {application} [built]
[./node_modules/css-loader/dist/cjs.js?!./node_modules/postcss-loader/src/index.js?!./node_modules/sass-loader/dist/cjs.js?!./app/javascript/stylesheets/application.scss] ./node_modules/css-loader/dist/cjs.js??ref--6-1!./node_modules/postcss-loader/src??ref--6-2!./node_modules/sass-loader/dist/cjs.js??ref--6-3!./app/javascript/stylesheets/application.scss 743 KiB {application} [built]
[./node_modules/webpack/buildin/module.js] (webpack)/buildin/module.js 552 bytes {application} [built]
    + 6 hidden modules

ERROR in ./node_modules/bootstrap/dist/js/bootstrap.esm.js
Module not found: Error: Can't resolve '@popperjs/core' in '/home/zan31/Documents/tradey-main/node_modules/bootstrap/dist/js'
 @ ./node_modules/bootstrap/dist/js/bootstrap.esm.js 60:0-41 2356:17-23 2375:21-40 4029:15-21 4164:23-42
 @ ./app/javascript/packs/application.js

[Webpacker] Everything's up-to-date. Nothing to do
  Rendered layout layouts/application.html.erb (Duration: 13935.3ms | Allocations: 11150)
Completed 200 OK in 13951ms (Views: 13937.4ms | ActiveRecord: 1.8ms | Allocations: 15441)


Started GET "/" for 127.0.0.1 at 2022-03-28 13:14:45 +0200
Processing by CardsController#index as HTML
  Rendering layout layouts/application.html.erb
  Rendering cards/index.html.erb within layouts/application
  [1m[36mCard Load (1.4ms)[0m  [1m[34mSELECT "cards".* FROM "cards"[0m
  ↳ app/views/cards/index.html.erb:13
  Rendered cards/index.html.erb within layouts/application (Duration: 5.7ms | Allocations: 1054)
[Webpacker] Everything's up-to-date. Nothing to do
[Webpacker] Everything's up-to-date. Nothing to do
  Rendered layout layouts/application.html.erb (Duration: 16.4ms | Allocations: 6235)
Completed 200 OK in 20ms (Views: 16.3ms | ActiveRecord: 1.4ms | Allocations: 6821)


Started GET "/" for 127.0.0.1 at 2022-03-28 13:15:08 +0200
Processing by CardsController#index as HTML
  Rendering layout layouts/application.html.erb
  Rendering cards/index.html.erb within layouts/application
  [1m[36mCard Load (2.0ms)[0m  [1m[34mSELECT "cards".* FROM "cards"[0m
  ↳ app/views/cards/index.html.erb:13
  Rendered cards/index.html.erb within layouts/application (Duration: 7.2ms | Allocations: 1346)
[Webpacker] Everything's up-to-date. Nothing to do
  Rendered layout layouts/application.html.erb (Duration: 15.1ms | Allocations: 4680)
Completed 200 OK in 19ms (Views: 15.9ms | ActiveRecord: 2.0ms | Allocations: 6157)


Started GET "/" for 127.0.0.1 at 2022-03-28 13:20:18 +0200
  [1m[35m (2.4ms)[0m  [1m[34mSELECT "schema_migrations"."version" FROM "schema_migrations" ORDER BY "schema_migrations"."version" ASC[0m
Processing by CardsController#index as HTML
  Rendering layout layouts/application.html.erb
  Rendering cards/index.html.erb within layouts/application
  [1m[36mCard Load (1.7ms)[0m  [1m[34mSELECT "cards".* FROM "cards"[0m
  ↳ app/views/cards/index.html.erb:13
  Rendered cards/index.html.erb within layouts/application (Duration: 6.0ms | Allocations: 1643)
[Webpacker] Compiling...
[Webpacker] Compiled all packs in /home/zan31/Documents/tradey-main/public/packs
[Webpacker] Hash: 79caa682e05bf959a3a8
Version: webpack 4.46.0
Time: 12698ms
Built at: 03/28/2022 1:20:33 PM
                                     Asset       Size       Chunks                         Chunk Names
    js/application-0701af1a671c83a96bf6.js   1.18 MiB  application  [emitted] [immutable]  application
js/application-0701af1a671c83a96bf6.js.map   1.19 MiB  application  [emitted] [dev]        application
                             manifest.json  364 bytes               [emitted]              
Entrypoint application = js/application-0701af1a671c83a96bf6.js js/application-0701af1a671c83a96bf6.js.map
[./app/javascript/channels sync recursive _channel\.js$] ./app/javascript/channels sync _channel\.js$ 160 bytes {application} [built]
[./app/javascript/channels/index.js] 211 bytes {application} [built]
[./app/javascript/packs/application.js] 601 bytes {application} [built]
[./app/javascript/stylesheets/application.scss] 664 bytes {application} [built]
[./node_modules/css-loader/dist/cjs.js?!./node_modules/postcss-loader/src/index.js?!./node_modules/sass-loader/dist/cjs.js?!./app/javascript/stylesheets/application.scss] ./node_modules/css-loader/dist/cjs.js??ref--6-1!./node_modules/postcss-loader/src??ref--6-2!./node_modules/sass-loader/dist/cjs.js??ref--6-3!./app/javascript/stylesheets/application.scss 743 KiB {application} [built]
[./node_modules/webpack/buildin/module.js] (webpack)/buildin/module.js 552 bytes {application} [built]
    + 64 hidden modules

  Rendered layout layouts/application.html.erb (Duration: 14529.7ms | Allocations: 9026)
Completed 200 OK in 14548ms (Views: 14532.5ms | ActiveRecord: 1.7ms | Allocations: 13319)


Started GET "/" for 127.0.0.1 at 2022-03-28 13:21:53 +0200
Processing by CardsController#index as HTML
  Rendering layout layouts/application.html.erb
  Rendering cards/index.html.erb within layouts/application
  [1m[36mCard Load (1.2ms)[0m  [1m[34mSELECT "cards".* FROM "cards"[0m
  ↳ app/views/cards/index.html.erb:13
  Rendered cards/index.html.erb within layouts/application (Duration: 5.6ms | Allocations: 1354)
[Webpacker] Everything's up-to-date. Nothing to do
  Rendered layout layouts/application.html.erb (Duration: 11.8ms | Allocations: 4688)
Completed 200 OK in 18ms (Views: 14.1ms | ActiveRecord: 1.2ms | Allocations: 6241)


